C:\DEVELOPMENT\PROJ\DEBUG\PROJ.EXE
C:\DEVELOPMENT\PROJ\DEBUG\PROJ.ILK
C:\DEVELOPMENT\PROJ\DEBUG\PROJ.PDB
C:\DEVELOPMENT\PROJ\PROJ\DEBUG\ACTIONSCENE.OBJ
C:\DEVELOPMENT\PROJ\PROJ\DEBUG\CAMERA.OBJ
C:\development\proj\proj\Debug\cl.command.1.tlog
C:\development\proj\proj\Debug\CL.read.1.tlog
C:\development\proj\proj\Debug\CL.write.1.tlog
C:\DEVELOPMENT\PROJ\PROJ\DEBUG\CONFIGUR.OBJ
C:\DEVELOPMENT\PROJ\PROJ\DEBUG\DELETE.OBJ
C:\DEVELOPMENT\PROJ\PROJ\DEBUG\INITDIRECT.OBJ
C:\DEVELOPMENT\PROJ\PROJ\DEBUG\INITINPUT.OBJ
C:\DEVELOPMENT\PROJ\PROJ\DEBUG\LIGHT.OBJ
C:\development\proj\proj\Debug\link.2792.read.1.tlog
C:\development\proj\proj\Debug\link.2792.write.1.tlog
C:\development\proj\proj\Debug\link.2792-cvtres.read.1.tlog
C:\development\proj\proj\Debug\link.2792-cvtres.write.1.tlog
C:\development\proj\proj\Debug\link.3540.read.1.tlog
C:\development\proj\proj\Debug\link.3540.write.1.tlog
C:\development\proj\proj\Debug\link.3540-cvtres.read.1.tlog
C:\development\proj\proj\Debug\link.3540-cvtres.write.1.tlog
C:\development\proj\proj\Debug\link.744.read.1.tlog
C:\development\proj\proj\Debug\link.744.write.1.tlog
C:\development\proj\proj\Debug\link.744-cvtres.read.1.tlog
C:\development\proj\proj\Debug\link.744-cvtres.write.1.tlog
C:\development\proj\proj\Debug\link.command.1.tlog
C:\development\proj\proj\Debug\link.read.1.tlog
C:\development\proj\proj\Debug\link.write.1.tlog
C:\development\proj\proj\Debug\link-cvtres.read.1.tlog
C:\development\proj\proj\Debug\link-cvtres.write.1.tlog
C:\DEVELOPMENT\PROJ\PROJ\DEBUG\MANIPUL.OBJ
C:\DEVELOPMENT\PROJ\PROJ\DEBUG\MESH.OBJ
C:\development\proj\proj\Debug\mt.command.1.tlog
C:\development\proj\proj\Debug\mt.read.1.tlog
C:\development\proj\proj\Debug\mt.write.1.tlog
C:\DEVELOPMENT\PROJ\PROJ\DEBUG\PLACER.OBJ
C:\DEVELOPMENT\PROJ\PROJ\DEBUG\PROJ.EXE.EMBED.MANIFEST
C:\DEVELOPMENT\PROJ\PROJ\DEBUG\PROJ.EXE.EMBED.MANIFEST.RES
C:\DEVELOPMENT\PROJ\PROJ\DEBUG\PROJ.EXE.INTERMEDIATE.MANIFEST
C:\DEVELOPMENT\PROJ\PROJ\DEBUG\PROJ.OBJ
C:\DEVELOPMENT\PROJ\PROJ\DEBUG\PROJ.PCH
C:\DEVELOPMENT\PROJ\PROJ\DEBUG\PROJ.RES
C:\development\proj\proj\Debug\proj_manifest.rc
C:\development\proj\proj\Debug\rc.command.1.tlog
C:\development\proj\proj\Debug\rc.read.1.tlog
C:\development\proj\proj\Debug\rc.write.1.tlog
C:\DEVELOPMENT\PROJ\PROJ\DEBUG\RENDERBEGIN.OBJ
C:\DEVELOPMENT\PROJ\PROJ\DEBUG\RENDERROAD.OBJ
C:\DEVELOPMENT\PROJ\PROJ\DEBUG\SETCOURSE.OBJ
C:\DEVELOPMENT\PROJ\PROJ\DEBUG\STDAFX.OBJ
C:\DEVELOPMENT\PROJ\PROJ\DEBUG\TEXT.OBJ
C:\DEVELOPMENT\PROJ\PROJ\DEBUG\TOOLS.OBJ
C:\development\proj\proj\Debug\vc100.idb
C:\DEVELOPMENT\PROJ\PROJ\DEBUG\VC100.PDB
C:\DEVELOPMENT\PROJ\PROJ\DEBUG\XMLREADER.OBJ
