Построение начато 08.05.2012 13:25:11.
     1>Проект "C:\development\proj\proj\proj.vcxproj" в узле 2 (целевые объекты build).
     1>InitializeBuildStatus:
         Создание "Debug\proj.unsuccessfulbuild", так как было задано "AlwaysCreate".
       ClCompile:
         Для всех выходных данных обновления не требуется.
         C:\Program Files\Microsoft Visual Studio 10.0\VC\bin\CL.exe /c /ZI /nologo /W3 /WX- /Od /Oy- /D WIN32 /D _DEBUG /D _WINDOWS /D _UNICODE /D UNICODE /Gm /EHsc /RTC1 /MDd /GS /fp:precise /Zc:wchar_t /Zc:forScope /Yu"StdAfx.h" /Fp"Debug\proj.pch" /Fo"Debug\\" /Fd"Debug\vc100.pdb" /Gd /TP /analyze- /errorReport:prompt xmlreader.cpp
         xmlreader.cpp
     1>c:\development\proj\proj\xmlreader.cpp(144): warning C4101: bstrItemText: неиспользованная локальная переменная
     1>c:\development\proj\proj\xmlreader.cpp(152): warning C4101: str: неиспользованная локальная переменная
     1>c:\development\proj\proj\xmlreader.cpp(306): warning C4018: <: несоответствие типов со знаком и без знака
       ResourceCompile:
         Для всех выходных данных обновления не требуется.
       ManifestResourceCompile:
         Для всех выходных данных обновления не требуется.
       Link:
         C:\Program Files\Microsoft Visual Studio 10.0\VC\bin\link.exe /ERRORREPORT:PROMPT /OUT:"C:\development\proj\Debug\proj.exe" /INCREMENTAL /NOLOGO dinput8.lib dxguid.lib winmm.lib d3dx9.lib d3d9.lib kernel32.lib user32.lib gdi32.lib winspool.lib comdlg32.lib advapi32.lib shell32.lib ole32.lib oleaut32.lib uuid.lib odbc32.lib odbccp32.lib kernel32.lib user32.lib gdi32.lib winspool.lib comdlg32.lib advapi32.lib shell32.lib ole32.lib oleaut32.lib uuid.lib odbc32.lib odbccp32.lib /MANIFEST /ManifestFile:"Debug\proj.exe.intermediate.manifest" /MANIFESTUAC:"level='asInvoker' uiAccess='false'" /DEBUG /PDB:"C:\development\proj\Debug\proj.pdb" /SUBSYSTEM:WINDOWS /TLBID:1 /DYNAMICBASE /NXCOMPAT /IMPLIB:"C:\development\proj\Debug\proj.lib" /MACHINE:X86 Debug\proj.res
         Debug\proj.exe.embed.manifest.res
         Debug\actionscene.obj
         Debug\camera.obj
         Debug\configur.obj
         Debug\delete.obj
         Debug\initdirect.obj
         Debug\InitInput.obj
         Debug\light.obj
         Debug\manipul.obj
         Debug\mesh.obj
         Debug\Placer.obj
         Debug\proj.obj
         Debug\renderbegin.obj
         Debug\renderroad.obj
         Debug\setcourse.obj
         Debug\stdafx.obj
         Debug\text.obj
         Debug\tools.obj
         Debug\xmlreader.obj
       Manifest:
         C:\Program Files\Microsoft SDKs\Windows\v7.0A\bin\mt.exe /nologo /verbose /out:"Debug\proj.exe.embed.manifest" /manifest Debug\proj.exe.intermediate.manifest
         Для всех выходных данных обновления не требуется.
       LinkEmbedManifest:
         Для всех выходных данных обновления не требуется.
         proj.vcxproj -> C:\development\proj\Debug\proj.exe
       FinalizeBuildStatus:
         Файл "Debug\proj.unsuccessfulbuild" удаляется.
         Обращение к "Debug\proj.lastbuildstate".
     1>Построение проекта "C:\development\proj\proj\proj.vcxproj" завершено (целевые объекты build).

Построение успешно завершено.

Затраченное время: 00:00:01.03
