C:\DEVELOPMENT\PROJ\PROJ\RELEASE\ACTIONSCENE.OBJ
C:\DEVELOPMENT\PROJ\PROJ\RELEASE\CAMERA.OBJ
C:\development\proj\proj\Release\cl.command.1.tlog
C:\development\proj\proj\Release\CL.read.1.tlog
C:\development\proj\proj\Release\CL.write.1.tlog
C:\DEVELOPMENT\PROJ\PROJ\RELEASE\CONFIGUR.OBJ
C:\DEVELOPMENT\PROJ\PROJ\RELEASE\DELETE.OBJ
C:\DEVELOPMENT\PROJ\PROJ\RELEASE\INITDIRECT.OBJ
C:\DEVELOPMENT\PROJ\PROJ\RELEASE\INITINPUT.OBJ
C:\DEVELOPMENT\PROJ\PROJ\RELEASE\LIGHT.OBJ
C:\development\proj\proj\Release\link.command.1.tlog
C:\development\proj\proj\Release\link.read.1.tlog
C:\development\proj\proj\Release\link.write.1.tlog
C:\development\proj\proj\Release\link-cvtres.read.1.tlog
C:\development\proj\proj\Release\link-cvtres.write.1.tlog
C:\DEVELOPMENT\PROJ\PROJ\RELEASE\MANIPUL.OBJ
C:\DEVELOPMENT\PROJ\PROJ\RELEASE\MESH.OBJ
C:\development\proj\proj\Release\mt.command.1.tlog
C:\development\proj\proj\Release\mt.read.1.tlog
C:\development\proj\proj\Release\mt.write.1.tlog
C:\DEVELOPMENT\PROJ\PROJ\RELEASE\PLACER.OBJ
C:\DEVELOPMENT\PROJ\PROJ\RELEASE\PROJ.EXE.INTERMEDIATE.MANIFEST
C:\DEVELOPMENT\PROJ\PROJ\RELEASE\PROJ.OBJ
C:\DEVELOPMENT\PROJ\PROJ\RELEASE\PROJ.PCH
C:\DEVELOPMENT\PROJ\PROJ\RELEASE\PROJ.RES
C:\development\proj\proj\Release\rc.command.1.tlog
C:\development\proj\proj\Release\rc.read.1.tlog
C:\development\proj\proj\Release\rc.write.1.tlog
C:\DEVELOPMENT\PROJ\PROJ\RELEASE\RENDERBEGIN.OBJ
C:\DEVELOPMENT\PROJ\PROJ\RELEASE\RENDERROAD.OBJ
C:\DEVELOPMENT\PROJ\PROJ\RELEASE\SETCOURSE.OBJ
C:\DEVELOPMENT\PROJ\PROJ\RELEASE\STDAFX.OBJ
C:\DEVELOPMENT\PROJ\PROJ\RELEASE\TEXT.OBJ
C:\DEVELOPMENT\PROJ\PROJ\RELEASE\TOOLS.OBJ
C:\DEVELOPMENT\PROJ\PROJ\RELEASE\VC100.PDB
C:\DEVELOPMENT\PROJ\PROJ\RELEASE\XMLREADER.OBJ
C:\DEVELOPMENT\PROJ\RELEASE\PROJ.EXE
C:\DEVELOPMENT\PROJ\RELEASE\PROJ.PDB
D:\DEVELOPMENT\PROJ\PROJ\RELEASE\ACTIONSCENE.OBJ
D:\DEVELOPMENT\PROJ\PROJ\RELEASE\CAMERA.OBJ
D:\DEVELOPMENT\PROJ\PROJ\RELEASE\CONFIGUR.OBJ
D:\DEVELOPMENT\PROJ\PROJ\RELEASE\DELETE.OBJ
D:\DEVELOPMENT\PROJ\PROJ\RELEASE\INITDIRECT.OBJ
D:\DEVELOPMENT\PROJ\PROJ\RELEASE\INITINPUT.OBJ
D:\DEVELOPMENT\PROJ\PROJ\RELEASE\LIGHT.OBJ
D:\DEVELOPMENT\PROJ\PROJ\RELEASE\MANIPUL.OBJ
D:\DEVELOPMENT\PROJ\PROJ\RELEASE\MESH.OBJ
D:\DEVELOPMENT\PROJ\PROJ\RELEASE\PLACER.OBJ
D:\DEVELOPMENT\PROJ\PROJ\RELEASE\PROJ.EXE.INTERMEDIATE.MANIFEST
D:\DEVELOPMENT\PROJ\PROJ\RELEASE\PROJ.OBJ
D:\DEVELOPMENT\PROJ\PROJ\RELEASE\PROJ.PCH
D:\DEVELOPMENT\PROJ\PROJ\RELEASE\PROJ.RES
D:\DEVELOPMENT\PROJ\PROJ\RELEASE\RENDERBEGIN.OBJ
D:\DEVELOPMENT\PROJ\PROJ\RELEASE\RENDERROAD.OBJ
D:\DEVELOPMENT\PROJ\PROJ\RELEASE\SETCOURSE.OBJ
D:\DEVELOPMENT\PROJ\PROJ\RELEASE\STDAFX.OBJ
D:\DEVELOPMENT\PROJ\PROJ\RELEASE\TEXT.OBJ
D:\DEVELOPMENT\PROJ\PROJ\RELEASE\TOOLS.OBJ
D:\DEVELOPMENT\PROJ\PROJ\RELEASE\VC100.PDB
D:\DEVELOPMENT\PROJ\PROJ\RELEASE\XMLREADER.OBJ
D:\DEVELOPMENT\PROJ\RELEASE\PROJ.EXE
D:\DEVELOPMENT\PROJ\RELEASE\PROJ.PDB
